<?xml version="1.0" encoding="UTF-8"?>
<!-- Generated by org.testng.reporters.JUnitReportReporter -->
<testsuite skipped="0" hostname="CWJShen" name="com.revature.tests.trainer.TestSettings" tests="3" failures="0" timestamp="27 Jan 2018 23:11:24 GMT" time="10.394" errors="0">
  <testcase name="feature" time="0.001" classname="com.revature.tests.trainer.TestSettings"/>
  <testcase name="feature" time="0.001" classname="com.revature.tests.trainer.TestSettings"/>
  <testcase name="TestOne" time="10.392" classname="com.revature.tests.trainer.TestSettings"/>
</testsuite> <!-- com.revature.tests.trainer.TestSettings -->
