<?xml version="1.0" encoding="UTF-8"?>
<!-- Generated by org.testng.reporters.JUnitReportReporter -->
<testsuite skipped="0" hostname="CWJShen" name="com.revature.TestRunner" tests="3" failures="0" timestamp="26 Jan 2018 17:11:55 GMT" time="6.247" errors="0">
  <testcase name="TestTwo" time="3.093" classname="com.revature.TestRunner"/>
  <testcase name="TestOne" time="3.146" classname="com.revature.TestRunner"/>
  <testcase name="feature" time="0.008" classname="com.revature.TestRunner"/>
</testsuite> <!-- com.revature.TestRunner -->
