<?xml version="1.0" encoding="UTF-8"?>
<!-- Generated by org.testng.reporters.JUnitReportReporter -->
<testsuite skipped="0" hostname="CWJShen" name="com.revature.TestBatches" tests="5" failures="0" timestamp="26 Jan 2018 21:51:11 GMT" time="9.368" errors="0">
  <testcase name="TestOne" time="3.095" classname="com.revature.TestBatches"/>
  <testcase name="TestTwo" time="3.078" classname="com.revature.TestBatches"/>
  <testcase name="feature" time="0.002" classname="com.revature.TestBatches"/>
  <testcase name="feature" time="0.001" classname="com.revature.TestBatches"/>
  <testcase name="TestLocations" time="3.192" classname="com.revature.TestBatches"/>
</testsuite> <!-- com.revature.TestBatches -->
