<?xml version="1.0" encoding="UTF-8"?>
<!-- Generated by org.testng.reporters.JUnitReportReporter -->
<testsuite skipped="0" hostname="CWJShen" name="com.revature.tests.trainer.TestOverview" tests="4" failures="0" timestamp="27 Jan 2018 20:29:27 GMT" time="6.300" errors="0">
  <testcase name="feature" time="0.002" classname="com.revature.tests.trainer.TestOverview"/>
  <testcase name="feature" time="0.011" classname="com.revature.tests.trainer.TestOverview"/>
  <testcase name="TestTwo" time="3.109" classname="com.revature.tests.trainer.TestOverview"/>
  <testcase name="TestOne" time="3.178" classname="com.revature.tests.trainer.TestOverview"/>
</testsuite> <!-- com.revature.tests.trainer.TestOverview -->
