<?xml version="1.0" encoding="UTF-8"?>
<!-- Generated by org.testng.reporters.JUnitReportReporter -->
<testsuite hostname="DESKTOP-MDC2CVU" failures="0" tests="4" name="com.revature.tests.trainer.TestOverview" time="6.361" errors="0" timestamp="27 Jan 2018 21:12:27 GMT" skipped="0">
  <testcase classname="com.revature.tests.trainer.TestOverview" name="feature" time="0.006"/>
  <testcase classname="com.revature.tests.trainer.TestOverview" name="TestTwo" time="3.160"/>
  <testcase classname="com.revature.tests.trainer.TestOverview" name="TestOne" time="3.183"/>
  <testcase classname="com.revature.tests.trainer.TestOverview" name="feature" time="0.012"/>
</testsuite> <!-- com.revature.tests.trainer.TestOverview -->
