<?xml version="1.0" encoding="UTF-8"?>
<!-- Generated by org.testng.reporters.JUnitReportReporter -->
<testsuite skipped="0" hostname="MSI" name="com.revature.TestOverview" tests="2" failures="0" timestamp="26 Jan 2018 21:47:50 GMT" time="3.382" errors="0">
  <testcase name="feature" time="0.107" classname="com.revature.TestOverview"/>
  <testcase name="TestClickOverview" time="3.275" classname="com.revature.TestOverview"/>
</testsuite> <!-- com.revature.TestOverview -->
