<?xml version="1.0" encoding="UTF-8"?>
<!-- Generated by org.testng.reporters.JUnitReportReporter -->
<testsuite skipped="0" hostname="CWJShen" name="com.revature.TestOverview" tests="3" failures="0" timestamp="26 Jan 2018 18:44:17 GMT" time="6.250" errors="0">
  <testcase name="feature" time="0.010" classname="com.revature.TestOverview"/>
  <testcase name="TestTwo" time="3.094" classname="com.revature.TestOverview"/>
  <testcase name="TestOne" time="3.146" classname="com.revature.TestOverview"/>
</testsuite> <!-- com.revature.TestOverview -->
