<?xml version="1.0" encoding="UTF-8"?>
<!-- Generated by org.testng.reporters.JUnitReportReporter -->
<testsuite hostname="DESKTOP-MDC2CVU" failures="0" tests="4" name="com.revature.tests.trainer.TestCurricula" time="8.994" errors="0" timestamp="28 Jan 2018 00:49:35 GMT" skipped="0">
  <testcase classname="com.revature.tests.trainer.TestCurricula" name="feature" time="0.005"/>
  <testcase classname="com.revature.tests.trainer.TestCurricula" name="TestOne" time="8.974"/>
  <testcase classname="com.revature.tests.trainer.TestCurricula" name="feature" time="0.012"/>
  <testcase classname="com.revature.tests.trainer.TestCurricula" name="feature" time="0.003"/>
</testsuite> <!-- com.revature.tests.trainer.TestCurricula -->
