<?xml version="1.0" encoding="UTF-8"?>
<!-- Generated by org.testng.reporters.JUnitReportReporter -->
<testsuite hostname="DESKTOP-MDC2CVU" failures="0" tests="4" name="com.revature.TestOverview" time="6.418" errors="0" timestamp="27 Jan 2018 20:32:57 GMT" skipped="0">
  <testcase classname="com.revature.TestOverview" name="feature" time="0.004"/>
  <testcase classname="com.revature.TestOverview" name="TestOne" time="3.244"/>
  <testcase classname="com.revature.TestOverview" name="feature" time="0.011"/>
  <testcase classname="com.revature.TestOverview" name="TestTwo" time="3.159"/>
</testsuite> <!-- com.revature.TestOverview -->
