<?xml version="1.0" encoding="UTF-8"?>
<!-- Generated by org.testng.reporters.JUnitReportReporter -->
<testsuite skipped="0" hostname="CWJShen" name="com.revature.TestBatches" tests="3" failures="0" timestamp="26 Jan 2018 18:44:17 GMT" time="6.148" errors="0">
  <testcase name="TestOne" time="3.080" classname="com.revature.TestBatches"/>
  <testcase name="TestTwo" time="3.067" classname="com.revature.TestBatches"/>
  <testcase name="feature" time="0.001" classname="com.revature.TestBatches"/>
</testsuite> <!-- com.revature.TestBatches -->
