<?xml version="1.0" encoding="UTF-8"?>
<!-- Generated by org.testng.reporters.JUnitReportReporter -->
<testsuite skipped="0" hostname="MSI" name="com.revature.TestOverview" tests="3" failures="0" timestamp="27 Jan 2018 23:17:56 GMT" time="7.247" errors="0">
  <testcase name="feature" time="0.010" classname="com.revature.TestOverview"/>
  <testcase name="TestClickOverview" time="3.121" classname="com.revature.TestOverview"/>
  <testcase name="CheckNameFilterDSC" time="4.116" classname="com.revature.TestOverview"/>
</testsuite> <!-- com.revature.TestOverview -->
