<?xml version="1.0" encoding="UTF-8"?>
<!-- Generated by org.testng.reporters.JUnitReportReporter -->
<testsuite skipped="0" hostname="MSI" name="com.revature.TestBatches" tests="3" failures="0" timestamp="26 Jan 2018 21:40:34 GMT" time="6.270" errors="0">
  <testcase name="TestTwo" time="3.091" classname="com.revature.TestBatches"/>
  <testcase name="TestOne" time="3.175" classname="com.revature.TestBatches"/>
  <testcase name="feature" time="0.004" classname="com.revature.TestBatches"/>
</testsuite> <!-- com.revature.TestBatches -->
