<?xml version="1.0" encoding="UTF-8"?>
<!-- Generated by org.testng.reporters.JUnitReportReporter -->
<testsuite skipped="0" hostname="CWJShen" name="com.revature.TestOverview" tests="4" failures="0" timestamp="26 Jan 2018 21:51:11 GMT" time="6.252" errors="0">
  <testcase name="feature" time="0.001" classname="com.revature.TestOverview"/>
  <testcase name="TestOne" time="3.145" classname="com.revature.TestOverview"/>
  <testcase name="TestTwo" time="3.099" classname="com.revature.TestOverview"/>
  <testcase name="feature" time="0.007" classname="com.revature.TestOverview"/>
</testsuite> <!-- com.revature.TestOverview -->
