<?xml version="1.0" encoding="UTF-8"?>
<!-- Generated by org.testng.reporters.JUnitReportReporter -->
<testsuite hostname="DESKTOP-MDC2CVU" failures="0" tests="3" name="com.revature.TestSettings" time="10.577" errors="0" timestamp="27 Jan 2018 21:12:27 GMT" skipped="0">
  <testcase classname="com.revature.TestSettings" name="TestOne" time="10.568"/>
  <testcase classname="com.revature.TestSettings" name="feature" time="0.003"/>
  <testcase classname="com.revature.TestSettings" name="feature" time="0.006"/>
</testsuite> <!-- com.revature.TestSettings -->
