<?xml version="1.0" encoding="UTF-8"?>
<!-- Generated by org.testng.reporters.JUnitReportReporter -->
<testsuite skipped="0" hostname="Yoshi-PC" name="com.revature.TestBatches" tests="4" failures="0" timestamp="26 Jan 2018 22:52:59 GMT" time="6.062" errors="0">
  <testcase name="feature" time="0.002" classname="com.revature.TestBatches"/>
  <testcase name="feature" time="0.003" classname="com.revature.TestBatches"/>
  <testcase name="TestLocations" time="3.029" classname="com.revature.TestBatches"/>
  <testcase name="TestOne" time="3.028" classname="com.revature.TestBatches"/>
</testsuite> <!-- com.revature.TestBatches -->
