<?xml version="1.0" encoding="UTF-8"?>
<!-- Generated by org.testng.reporters.JUnitReportReporter -->
<testsuite skipped="0" hostname="CWJShen" name="com.revature.TestRunner" tests="2" failures="0" timestamp="26 Jan 2018 16:39:28 GMT" time="3.747" errors="0">
  <testcase name="TestOne" time="3.740" classname="com.revature.TestRunner"/>
  <testcase name="feature" time="0.007" classname="com.revature.TestRunner"/>
</testsuite> <!-- com.revature.TestRunner -->
