<?xml version="1.0" encoding="UTF-8"?>
<!-- Generated by org.testng.reporters.JUnitReportReporter -->
<testsuite skipped="0" hostname="MSI" name="com.revature.TestRunner" tests="1" failures="0" timestamp="25 Jan 2018 20:10:14 GMT" time="0.012" errors="0">
  <testcase name="feature" time="0.012" classname="com.revature.TestRunner"/>
</testsuite> <!-- com.revature.TestRunner -->
