<?xml version="1.0" encoding="UTF-8"?>
<!-- Generated by org.testng.reporters.JUnitReportReporter -->
<<<<<<< HEAD
<testsuite hostname="DESKTOP-MDC2CVU" failures="0" tests="4" name="com.revature.tests.trainer.TestOverview" time="6.361" errors="0" timestamp="27 Jan 2018 21:12:27 GMT" skipped="0">
  <testcase classname="com.revature.tests.trainer.TestOverview" name="feature" time="0.006"/>
  <testcase classname="com.revature.tests.trainer.TestOverview" name="TestTwo" time="3.160"/>
  <testcase classname="com.revature.tests.trainer.TestOverview" name="TestOne" time="3.183"/>
  <testcase classname="com.revature.tests.trainer.TestOverview" name="feature" time="0.012"/>
=======
<testsuite skipped="0" hostname="CWJShen" name="com.revature.tests.trainer.TestOverview" tests="4" failures="0" timestamp="27 Jan 2018 23:11:24 GMT" time="6.260" errors="0">
  <testcase name="feature" time="0.001" classname="com.revature.tests.trainer.TestOverview"/>
  <testcase name="TestTwo" time="3.092" classname="com.revature.tests.trainer.TestOverview"/>
  <testcase name="TestOne" time="3.160" classname="com.revature.tests.trainer.TestOverview"/>
  <testcase name="feature" time="0.007" classname="com.revature.tests.trainer.TestOverview"/>
>>>>>>> 6066c350e4ccc08b74aebb97834954498ea61238
</testsuite> <!-- com.revature.tests.trainer.TestOverview -->
