<?xml version="1.0" encoding="UTF-8"?>
<!-- Generated by org.testng.reporters.JUnitReportReporter -->
<testsuite hostname="DESKTOP-MDC2CVU" failures="0" tests="3" name="com.revature.TestSettings" time="10.847" errors="0" timestamp="27 Jan 2018 21:01:13 GMT" skipped="0">
  <testcase classname="com.revature.TestSettings" name="TestOne" time="10.829"/>
  <testcase classname="com.revature.TestSettings" name="feature" time="0.013"/>
  <testcase classname="com.revature.TestSettings" name="feature" time="0.005"/>
</testsuite> <!-- com.revature.TestSettings -->
