<?xml version="1.0" encoding="UTF-8"?>
<!-- Generated by org.testng.reporters.JUnitReportReporter -->
<testsuite skipped="0" hostname="CWJShen" name="com.revature.TestRunner" tests="2" failures="0" timestamp="25 Jan 2018 20:53:39 GMT" time="3.295" errors="0">
  <testcase name="feature" time="0.126" classname="com.revature.TestRunner"/>
  <testcase name="TestOne" time="3.169" classname="com.revature.TestRunner"/>
</testsuite> <!-- com.revature.TestRunner -->
